<?xml version="1.0" encoding="UTF-8"?>
<testng-results ignored="0" total="1" passed="1" failed="0" skipped="0">
  <reporter-output>
  </reporter-output>
  <suite started-at="2022-12-09T16:48:04 ICT" name="Default suite" finished-at="2022-12-09T16:48:15 ICT" duration-ms="10972">
    <groups>
    </groups>
    <test started-at="2022-12-09T16:48:04 ICT" name="Default test" finished-at="2022-12-09T16:48:15 ICT" duration-ms="10972">
      <class name="appium.TestUpdate">
        <test-method is-config="true" signature="beforeTest()[pri:0, instance:appium.TestUpdate@36d585c]" started-at="2022-12-09T16:48:04 ICT" name="beforeTest" finished-at="2022-12-09T16:48:13 ICT" duration-ms="9426" status="PASS">
          <reporter-output>
          </reporter-output>
        </test-method> <!-- beforeTest -->
        <test-method signature="f()[pri:0, instance:appium.TestUpdate@36d585c]" started-at="2022-12-09T16:48:13 ICT" name="f" finished-at="2022-12-09T16:48:14 ICT" duration-ms="1070" status="PASS">
          <reporter-output>
          </reporter-output>
        </test-method> <!-- f -->
        <test-method is-config="true" signature="afterTest()[pri:0, instance:appium.TestUpdate@36d585c]" started-at="2022-12-09T16:48:14 ICT" name="afterTest" finished-at="2022-12-09T16:48:15 ICT" duration-ms="438" status="PASS">
          <reporter-output>
          </reporter-output>
        </test-method> <!-- afterTest -->
      </class> <!-- appium.TestUpdate -->
    </test> <!-- Default test -->
  </suite> <!-- Default suite -->
</testng-results>
